jan. 12, 2026 3:55:33 DA TARDE org.graph.infrastructure.p2p.ServerHandle run
INFO: Server listening for connections...
jan. 12, 2026 3:55:37 DA TARDE org.graph.infrastructure.p2p.ServerHandle run
INFO: New connection from: /127.0.0.1:36220
jan. 12, 2026 3:55:37 DA TARDE org.graph.infrastructure.p2p.ConnectionHandler performHandshake
INFO: Enviando Handshake S/Kademlia...
jan. 12, 2026 3:55:37 DA TARDE org.graph.infrastructure.p2p.ConnectionHandler performHandshake
SEVERE: Erro Handshake: org.graph.domain.entities.p2p.Node
jan. 12, 2026 3:56:46 DA TARDE org.graph.infrastructure.p2p.ServerHandle run
INFO: Server listening for connections...
jan. 12, 2026 3:56:49 DA TARDE org.graph.infrastructure.p2p.ServerHandle run
INFO: New connection from: /127.0.0.1:31181
jan. 12, 2026 3:56:49 DA TARDE org.graph.infrastructure.p2p.ConnectionHandler performHandshake
INFO: Enviando Handshake S/Kademlia...
jan. 12, 2026 3:56:49 DA TARDE org.graph.infrastructure.p2p.ConnectionHandler performHandshake
SEVERE: Erro Handshake: org.graph.domain.entities.p2p.Node
jan. 12, 2026 3:58:37 DA TARDE org.graph.infrastructure.p2p.ServerHandle run
INFO: Server listening for connections...
jan. 12, 2026 3:58:40 DA TARDE org.graph.infrastructure.p2p.ServerHandle run
INFO: New connection from: /127.0.0.1:31333
jan. 12, 2026 3:58:40 DA TARDE org.graph.infrastructure.p2p.ConnectionHandler performHandshake
INFO: Enviando Handshake S/Kademlia...
jan. 12, 2026 3:58:40 DA TARDE org.graph.infrastructure.p2p.ConnectionHandler performHandshake
SEVERE: Erro Handshake: org.graph.domain.entities.p2p.Node
jan. 12, 2026 4:02:09 DA TARDE org.graph.infrastructure.p2p.ServerHandle run
INFO: Server listening for connections...
jan. 12, 2026 4:02:12 DA TARDE org.graph.infrastructure.p2p.ServerHandle run
INFO: New connection from: /127.0.0.1:53757
jan. 12, 2026 4:02:12 DA TARDE org.graph.infrastructure.p2p.ConnectionHandler performHandshake
INFO: Enviando Handshake S/Kademlia...
jan. 12, 2026 4:02:12 DA TARDE org.graph.infrastructure.p2p.ConnectionHandler performHandshake
SEVERE: Erro Handshake: org.graph.domain.entities.p2p.Node
jan. 12, 2026 4:03:40 DA TARDE org.graph.infrastructure.p2p.ServerHandle run
INFO: Server listening for connections...
jan. 12, 2026 4:03:43 DA TARDE org.graph.infrastructure.p2p.ServerHandle run
INFO: New connection from: /127.0.0.1:51228
jan. 12, 2026 4:03:43 DA TARDE org.graph.infrastructure.p2p.ConnectionHandler performHandshake
INFO: Enviando Handshake S/Kademlia...
jan. 12, 2026 4:03:43 DA TARDE org.graph.infrastructure.p2p.ConnectionHandler performHandshake
SEVERE: Erro Handshake: org.graph.domain.entities.p2p.Node
jan. 12, 2026 4:05:11 DA TARDE org.graph.infrastructure.p2p.ServerHandle run
INFO: Server listening for connections...
jan. 12, 2026 4:05:15 DA TARDE org.graph.infrastructure.p2p.ServerHandle run
INFO: New connection from: /127.0.0.1:46830
jan. 12, 2026 4:05:15 DA TARDE org.graph.infrastructure.p2p.ConnectionHandler performHandshake
INFO: Enviando Handshake S/Kademlia...
jan. 12, 2026 4:05:15 DA TARDE org.graph.infrastructure.p2p.ConnectionHandler performHandshake
SEVERE: Erro Handshake: org.graph.domain.entities.p2p.Node
jan. 12, 2026 4:07:30 DA TARDE org.graph.infrastructure.p2p.ServerHandle run
INFO: Server listening for connections...
jan. 12, 2026 4:07:34 DA TARDE org.graph.infrastructure.p2p.ServerHandle run
INFO: New connection from: /127.0.0.1:47288
jan. 12, 2026 4:07:35 DA TARDE org.graph.infrastructure.p2p.ConnectionHandler performHandshake
INFO: Sending Handshake...
jan. 12, 2026 4:07:35 DA TARDE org.graph.infrastructure.p2p.ConnectionHandler performHandshake
SEVERE: Handshake Error: org.graph.domain.entities.p2p.Node
jan. 12, 2026 4:09:17 DA TARDE org.graph.infrastructure.p2p.ServerHandle run
INFO: Server listening for connections...
jan. 12, 2026 4:09:20 DA TARDE org.graph.infrastructure.p2p.ServerHandle run
INFO: New connection from: /127.0.0.1:47422
jan. 12, 2026 4:09:20 DA TARDE org.graph.infrastructure.p2p.ConnectionHandler performHandshake
INFO: Sending Handshake...
jan. 12, 2026 4:09:20 DA TARDE org.graph.infrastructure.p2p.ConnectionHandler performHandshake
SEVERE: Handshake Error: org.graph.domain.entities.p2p.NodeId
jan. 12, 2026 4:09:53 DA TARDE org.graph.infrastructure.p2p.ServerHandle run
INFO: Server listening for connections...
jan. 12, 2026 4:09:58 DA TARDE org.graph.infrastructure.p2p.ServerHandle run
INFO: New connection from: /127.0.0.1:4309
jan. 12, 2026 4:09:58 DA TARDE org.graph.infrastructure.p2p.ConnectionHandler performHandshake
INFO: Sending Handshake...
jan. 12, 2026 4:09:58 DA TARDE org.graph.infrastructure.p2p.ConnectionHandler performHandshake
SEVERE: Handshake Error: org.graph.domain.application.mechanism.ProofOfReputation
jan. 12, 2026 4:10:23 DA TARDE org.graph.infrastructure.p2p.ServerHandle run
INFO: Server listening for connections...
jan. 12, 2026 4:10:26 DA TARDE org.graph.infrastructure.p2p.ServerHandle run
INFO: New connection from: /127.0.0.1:4374
jan. 12, 2026 4:10:26 DA TARDE org.graph.infrastructure.p2p.ConnectionHandler performHandshake
INFO: Sending Handshake...
jan. 12, 2026 4:12:41 DA TARDE org.graph.infrastructure.p2p.ServerHandle run
INFO: Server listening for connections...
jan. 12, 2026 4:12:44 DA TARDE org.graph.infrastructure.p2p.ServerHandle run
INFO: New connection from: /127.0.0.1:4621
jan. 12, 2026 4:12:44 DA TARDE org.graph.infrastructure.p2p.ConnectionHandler performHandshake
INFO: Sending Handshake...
jan. 12, 2026 4:14:39 DA TARDE org.graph.infrastructure.p2p.ServerHandle run
INFO: Server listening for connections...
jan. 12, 2026 4:14:42 DA TARDE org.graph.infrastructure.p2p.ServerHandle run
INFO: New connection from: /127.0.0.1:14198
jan. 12, 2026 4:14:42 DA TARDE org.graph.infrastructure.p2p.ConnectionHandler performHandshake
INFO: Sending Handshake...
jan. 12, 2026 4:14:43 DA TARDE org.graph.infrastructure.p2p.ConnectionHandler performHandshake
WARNING: Could not save neighbor key: class org.bouncycastle.jcajce.provider.asymmetric.ec.BCECPublicKey cannot be cast to class org.graph.domain.crypto.PublicKeyPeer (org.bouncycastle.jcajce.provider.asymmetric.ec.BCECPublicKey and org.graph.domain.crypto.PublicKeyPeer are in unnamed module of loader 'app')
jan. 12, 2026 5:06:05 DA TARDE org.graph.infrastructure.p2p.ServerHandle run
INFO: Server listening for connections...
jan. 12, 2026 5:06:13 DA TARDE org.graph.infrastructure.p2p.ServerHandle run
INFO: New connection from: /127.0.0.1:57422
jan. 12, 2026 5:06:13 DA TARDE org.graph.infrastructure.p2p.ConnectionHandler performHandshake
INFO: Sending Handshake...
jan. 12, 2026 5:06:13 DA TARDE org.graph.infrastructure.p2p.ConnectionHandler performHandshake
SEVERE: Handshake Error: Illegal base64 character 3f
jan. 12, 2026 5:10:10 DA TARDE org.graph.infrastructure.p2p.ServerHandle run
INFO: Server listening for connections...
jan. 12, 2026 5:10:15 DA TARDE org.graph.infrastructure.p2p.ServerHandle run
INFO: New connection from: /127.0.0.1:64204
jan. 12, 2026 5:10:15 DA TARDE org.graph.infrastructure.p2p.ConnectionHandler performHandshake
INFO: Sending Handshake...
jan. 12, 2026 5:10:15 DA TARDE org.graph.infrastructure.p2p.ConnectionHandler performHandshake
SEVERE: Handshake Error: class [B cannot be cast to class org.graph.infrastructure.network.message.HandshakePayload ([B is in module java.base of loader 'bootstrap'; org.graph.infrastructure.network.message.HandshakePayload is in unnamed module of loader 'app')
jan. 12, 2026 5:20:25 DA TARDE org.graph.infrastructure.p2p.ServerHandle run
INFO: Server listening for connections...
jan. 12, 2026 5:20:29 DA TARDE org.graph.infrastructure.p2p.ServerHandle run
INFO: New connection from: /127.0.0.1:36038
jan. 12, 2026 5:20:29 DA TARDE org.graph.infrastructure.p2p.ConnectionHandler performHandshake
INFO: Sending Handshake...
jan. 12, 2026 5:20:29 DA TARDE org.graph.infrastructure.p2p.ConnectionHandler performHandshake
SEVERE: Handshake Error: class [B cannot be cast to class org.graph.infrastructure.network.message.HandshakePayload ([B is in module java.base of loader 'bootstrap'; org.graph.infrastructure.network.message.HandshakePayload is in unnamed module of loader 'app')
jan. 12, 2026 5:23:28 DA TARDE org.graph.infrastructure.p2p.ServerHandle run
INFO: Server listening for connections...
jan. 12, 2026 5:23:38 DA TARDE org.graph.infrastructure.p2p.ServerHandle run
INFO: New connection from: /127.0.0.1:36551
jan. 12, 2026 5:23:38 DA TARDE org.graph.infrastructure.p2p.ConnectionHandler performHandshake
INFO: Sending Handshake...
jan. 12, 2026 5:23:38 DA TARDE org.graph.infrastructure.p2p.ConnectionHandler performHandshake
SEVERE: Handshake Error: class [B cannot be cast to class org.graph.infrastructure.network.message.HandshakePayload ([B is in module java.base of loader 'bootstrap'; org.graph.infrastructure.network.message.HandshakePayload is in unnamed module of loader 'app')
jan. 12, 2026 5:25:38 DA TARDE org.graph.infrastructure.p2p.ServerHandle run
INFO: Server listening for connections...
jan. 12, 2026 5:25:42 DA TARDE org.graph.infrastructure.p2p.ServerHandle run
INFO: New connection from: /127.0.0.1:33989
jan. 12, 2026 5:25:42 DA TARDE org.graph.infrastructure.p2p.ConnectionHandler performHandshake
INFO: Sending Handshake...
jan. 12, 2026 5:25:42 DA TARDE org.graph.infrastructure.p2p.ConnectionHandler performHandshake
SEVERE: Handshake Error: class [B cannot be cast to class org.graph.infrastructure.network.message.HandshakePayload ([B is in module java.base of loader 'bootstrap'; org.graph.infrastructure.network.message.HandshakePayload is in unnamed module of loader 'app')
jan. 12, 2026 5:26:28 DA TARDE org.graph.infrastructure.p2p.ServerHandle run
INFO: Server listening for connections...
jan. 12, 2026 5:26:31 DA TARDE org.graph.infrastructure.p2p.ServerHandle run
INFO: New connection from: /127.0.0.1:34194
jan. 12, 2026 5:26:31 DA TARDE org.graph.infrastructure.p2p.ConnectionHandler performHandshake
INFO: Sending Handshake...
jan. 12, 2026 5:26:31 DA TARDE org.graph.infrastructure.p2p.ConnectionHandler performHandshake
SEVERE: Handshake Error: class [B cannot be cast to class org.graph.infrastructure.network.message.HandshakePayload ([B is in module java.base of loader 'bootstrap'; org.graph.infrastructure.network.message.HandshakePayload is in unnamed module of loader 'app')
jan. 12, 2026 5:28:10 DA TARDE org.graph.infrastructure.p2p.ServerHandle run
INFO: Server listening for connections...
jan. 12, 2026 5:28:13 DA TARDE org.graph.infrastructure.p2p.ServerHandle run
INFO: New connection from: /127.0.0.1:34395
jan. 12, 2026 5:28:13 DA TARDE org.graph.infrastructure.p2p.ConnectionHandler performHandshake
INFO: Sending Handshake...
jan. 12, 2026 5:28:13 DA TARDE org.graph.infrastructure.p2p.ConnectionHandler performHandshake
INFO: Detectado payload em bytes (Legacy). Desserializando...
jan. 12, 2026 5:32:53 DA TARDE org.graph.infrastructure.p2p.ServerHandle run
INFO: Server listening for connections...
jan. 12, 2026 5:32:57 DA TARDE org.graph.infrastructure.p2p.ServerHandle run
INFO: New connection from: /127.0.0.1:33291
jan. 12, 2026 5:32:57 DA TARDE org.graph.infrastructure.p2p.ConnectionHandler performHandshake
INFO: Sending Handshake...
jan. 12, 2026 5:32:57 DA TARDE org.graph.infrastructure.p2p.ConnectionHandler performHandshake
INFO: Detectado payload em bytes (Legacy). Desserializando...
jan. 12, 2026 6:34:37 DA TARDE org.graph.infrastructure.p2p.ServerHandle run
INFO: Server listening for connections...
jan. 12, 2026 6:34:40 DA TARDE org.graph.infrastructure.p2p.ServerHandle run
INFO: New connection from: /127.0.0.1:10993
jan. 12, 2026 6:34:41 DA TARDE org.graph.infrastructure.p2p.ConnectionHandler performHandshake
INFO: Sending Handshake...
jan. 12, 2026 6:34:41 DA TARDE org.graph.infrastructure.p2p.ConnectionHandler performHandshake
INFO: Detectado payload em bytes (Legacy). Desserializando...
jan. 12, 2026 6:35:14 DA TARDE org.graph.infrastructure.p2p.ServerHandle run
INFO: New connection from: /127.0.0.1:11056
jan. 12, 2026 6:35:14 DA TARDE org.graph.infrastructure.p2p.ConnectionHandler performHandshake
INFO: Sending Handshake...
jan. 12, 2026 6:35:14 DA TARDE org.graph.infrastructure.p2p.ConnectionHandler performHandshake
INFO: Detectado payload em bytes (Legacy). Desserializando...
jan. 12, 2026 6:35:16 DA TARDE org.graph.infrastructure.p2p.ServerHandle run
INFO: New connection from: /127.0.0.1:11060
jan. 12, 2026 6:35:16 DA TARDE org.graph.infrastructure.p2p.ConnectionHandler performHandshake
INFO: Sending Handshake...
jan. 12, 2026 6:35:16 DA TARDE org.graph.infrastructure.p2p.ConnectionHandler performHandshake
INFO: Detectado payload em bytes (Legacy). Desserializando...
jan. 12, 2026 6:35:20 DA TARDE org.graph.infrastructure.p2p.ServerHandle run
INFO: New connection from: /127.0.0.1:11070
jan. 12, 2026 6:35:20 DA TARDE org.graph.infrastructure.p2p.ConnectionHandler performHandshake
INFO: Sending Handshake...
jan. 12, 2026 6:35:20 DA TARDE org.graph.infrastructure.p2p.ConnectionHandler performHandshake
INFO: Detectado payload em bytes (Legacy). Desserializando...
jan. 12, 2026 6:35:23 DA TARDE org.graph.infrastructure.p2p.ServerHandle run
INFO: New connection from: /127.0.0.1:11081
jan. 12, 2026 6:35:23 DA TARDE org.graph.infrastructure.p2p.ConnectionHandler performHandshake
INFO: Sending Handshake...
jan. 12, 2026 6:35:23 DA TARDE org.graph.infrastructure.p2p.ConnectionHandler performHandshake
INFO: Detectado payload em bytes (Legacy). Desserializando...
jan. 12, 2026 6:35:25 DA TARDE org.graph.infrastructure.p2p.ServerHandle run
INFO: New connection from: /127.0.0.1:11095
jan. 12, 2026 6:35:25 DA TARDE org.graph.infrastructure.p2p.ConnectionHandler performHandshake
INFO: Sending Handshake...
jan. 12, 2026 6:35:25 DA TARDE org.graph.infrastructure.p2p.ConnectionHandler performHandshake
INFO: Detectado payload em bytes (Legacy). Desserializando...
jan. 12, 2026 6:35:28 DA TARDE org.graph.infrastructure.p2p.ServerHandle run
INFO: New connection from: /127.0.0.1:11105
jan. 12, 2026 6:35:28 DA TARDE org.graph.infrastructure.p2p.ConnectionHandler performHandshake
INFO: Sending Handshake...
jan. 12, 2026 6:35:28 DA TARDE org.graph.infrastructure.p2p.ConnectionHandler performHandshake
INFO: Detectado payload em bytes (Legacy). Desserializando...
jan. 12, 2026 6:35:31 DA TARDE org.graph.infrastructure.p2p.ServerHandle run
INFO: New connection from: /127.0.0.1:11113
jan. 12, 2026 6:35:31 DA TARDE org.graph.infrastructure.p2p.ConnectionHandler performHandshake
INFO: Sending Handshake...
jan. 12, 2026 6:35:31 DA TARDE org.graph.infrastructure.p2p.ConnectionHandler performHandshake
INFO: Detectado payload em bytes (Legacy). Desserializando...
jan. 12, 2026 6:35:33 DA TARDE org.graph.infrastructure.p2p.ServerHandle run
INFO: New connection from: /127.0.0.1:11122
jan. 12, 2026 6:35:33 DA TARDE org.graph.infrastructure.p2p.ConnectionHandler performHandshake
INFO: Sending Handshake...
jan. 12, 2026 6:35:33 DA TARDE org.graph.infrastructure.p2p.ConnectionHandler performHandshake
INFO: Detectado payload em bytes (Legacy). Desserializando...
jan. 12, 2026 6:35:35 DA TARDE org.graph.infrastructure.p2p.ServerHandle run
INFO: New connection from: /127.0.0.1:11125
jan. 12, 2026 6:35:35 DA TARDE org.graph.infrastructure.p2p.ConnectionHandler performHandshake
INFO: Sending Handshake...
jan. 12, 2026 6:35:36 DA TARDE org.graph.infrastructure.p2p.ConnectionHandler performHandshake
INFO: Detectado payload em bytes (Legacy). Desserializando...
jan. 25, 2026 2:40:12 DA TARDE org.graph.infrastructure.p2p.ServerHandle run
INFO: Server listening for connections...
jan. 25, 2026 2:40:18 DA TARDE org.graph.infrastructure.p2p.ServerHandle run
INFO: New connection from: /127.0.0.1:37274
jan. 27, 2026 4:00:20 DA TARDE org.graph.infrastructure.p2p.ServerHandle run
INFO: Server listening for connections...
jan. 27, 2026 4:00:26 DA TARDE org.graph.infrastructure.p2p.ServerHandle run
INFO: New connection from: /127.0.0.1:40218
jan. 27, 2026 4:42:57 DA TARDE org.graph.infrastructure.p2p.ServerHandle run
INFO: Server listening for connections...
jan. 27, 2026 4:43:02 DA TARDE org.graph.infrastructure.p2p.ServerHandle run
INFO: New connection from: /127.0.0.1:33156
jan. 27, 2026 4:49:31 DA TARDE org.graph.infrastructure.p2p.ServerHandle run
INFO: Server listening for connections...
jan. 27, 2026 4:49:34 DA TARDE org.graph.infrastructure.p2p.ServerHandle run
INFO: New connection from: /127.0.0.1:46959
jan. 27, 2026 5:45:37 DA TARDE org.graph.infrastructure.p2p.ServerHandle run
INFO: Server listening for connections...
jan. 27, 2026 5:45:40 DA TARDE org.graph.infrastructure.p2p.ServerHandle run
INFO: New connection from: /127.0.0.1:10328
jan. 27, 2026 5:46:29 DA TARDE org.graph.infrastructure.p2p.ServerHandle run
INFO: Server listening for connections...
jan. 27, 2026 5:46:41 DA TARDE org.graph.infrastructure.p2p.ServerHandle run
INFO: New connection from: /127.0.0.1:21805
jan. 27, 2026 5:49:38 DA TARDE org.graph.infrastructure.p2p.ServerHandle run
INFO: Server listening for connections...
jan. 27, 2026 5:49:41 DA TARDE org.graph.infrastructure.p2p.ServerHandle run
INFO: New connection from: /127.0.0.1:21979
jan. 27, 2026 5:56:59 DA TARDE org.graph.infrastructure.p2p.ServerHandle run
INFO: Server listening for connections...
jan. 27, 2026 5:57:06 DA TARDE org.graph.infrastructure.p2p.ServerHandle run
INFO: New connection from: /127.0.0.1:23383
jan. 27, 2026 5:57:07 DA TARDE org.graph.infrastructure.p2p.ServerHandle lambda$run$0
WARNING: Error handling connection
java.lang.NullPointerException: Cannot invoke "java.io.DataInputStream.readInt()" because "inputStream" is null
	at org.graph.infrastructure.utils.MessageUtils.readMessage(MessageUtils.java:16)
	at org.graph.infrastructure.utils.HandshakeUtils.doHandshake(HandshakeUtils.java:53)
	at org.graph.infrastructure.p2p.ServerHandle.lambda$run$0(ServerHandle.java:41)
	at java.base/java.util.concurrent.ThreadPoolExecutor.runWorker(ThreadPoolExecutor.java:1144)
	at java.base/java.util.concurrent.ThreadPoolExecutor$Worker.run(ThreadPoolExecutor.java:642)
	at java.base/java.lang.Thread.run(Thread.java:1575)

jan. 27, 2026 6:19:33 DA TARDE org.graph.infrastructure.p2p.ServerHandle run
INFO: Server listening for connections...
jan. 27, 2026 6:28:58 DA TARDE org.graph.infrastructure.p2p.ServerHandle run
INFO: Server listening for connections...
jan. 27, 2026 6:34:29 DA TARDE org.graph.infrastructure.p2p.ServerHandle run
INFO: Server listening for connections...
jan. 27, 2026 6:35:22 DA TARDE org.graph.infrastructure.p2p.ServerHandle run
INFO: Server listening for connections...
jan. 27, 2026 6:36:26 DA TARDE org.graph.infrastructure.p2p.ServerHandle run
INFO: Server listening for connections...
jan. 27, 2026 6:36:50 DA TARDE org.graph.infrastructure.p2p.ServerHandle run
INFO: Server listening for connections...
jan. 27, 2026 6:39:47 DA TARDE org.graph.infrastructure.p2p.ServerHandle run
INFO: Server listening for connections...
jan. 27, 2026 6:40:12 DA TARDE org.graph.infrastructure.p2p.ServerHandle run
INFO: Server listening for connections...
jan. 27, 2026 6:40:53 DA TARDE org.graph.infrastructure.p2p.ServerHandle run
INFO: Server listening for connections...
jan. 27, 2026 6:41:47 DA TARDE org.graph.infrastructure.p2p.ServerHandle run
INFO: Server listening for connections...
jan. 27, 2026 6:43:31 DA TARDE org.graph.infrastructure.p2p.ServerHandle run
INFO: Server listening for connections...
jan. 27, 2026 6:44:19 DA TARDE org.graph.infrastructure.p2p.ServerHandle run
INFO: Server listening for connections...
jan. 27, 2026 6:45:34 DA TARDE org.graph.infrastructure.p2p.ServerHandle run
INFO: Server listening for connections...
jan. 27, 2026 6:45:50 DA TARDE org.graph.infrastructure.p2p.ServerHandle run
INFO: Server listening for connections...
jan. 27, 2026 6:46:37 DA TARDE org.graph.infrastructure.p2p.ServerHandle run
INFO: Server listening for connections...
jan. 27, 2026 6:48:19 DA TARDE org.graph.infrastructure.p2p.ServerHandle run
INFO: Server listening for connections...
jan. 27, 2026 6:49:11 DA TARDE org.graph.infrastructure.p2p.ServerHandle run
INFO: Server listening for connections...
jan. 27, 2026 6:49:48 DA TARDE org.graph.infrastructure.p2p.ServerHandle run
INFO: Server listening for connections...
